#-----------------------------------------------------------
# Vivado v2020.1 (64-bit)
# SW Build 2902540 on Wed May 27 19:54:49 MDT 2020
# IP Build 2902112 on Wed May 27 22:43:36 MDT 2020
# Start of session at: Fri Nov 20 13:42:36 2020
# Process ID: 17540
# Current directory: D:/CPE223_2/BGame/project_1
# Command line: vivado.exe -gui_launcher_event rodinguilauncherevent16208 D:\CPE223_2\BGame\project_1\project_1.xpr
# Log file: D:/CPE223_2/BGame/project_1/vivado.log
# Journal file: D:/CPE223_2/BGame/project_1\vivado.jou
#-----------------------------------------------------------
start_gui
open_project D:/CPE223_2/BGame/project_1/project_1.xpr
Scanning sources...
Finished scanning sources
INFO: [IP_Flow 19-234] Refreshing IP repositories
INFO: [IP_Flow 19-1704] No user IP repositories specified
INFO: [IP_Flow 19-2313] Loaded Vivado IP repository 'D:/Program/Vivado/2020.1/data/ip'.
update_compile_order -fileset sources_1
exit
INFO: [Common 17-206] Exiting Vivado at Fri Nov 20 13:46:26 2020...
