#-----------------------------------------------------------
# Vivado v2020.1 (64-bit)
# SW Build 2902540 on Wed May 27 19:54:49 MDT 2020
# IP Build 2902112 on Wed May 27 22:43:36 MDT 2020
# Start of session at: Fri Nov 20 10:49:05 2020
# Process ID: 11012
# Current directory: D:/CPE223_2/BGame/project_1
# Command line: vivado.exe -gui_launcher_event rodinguilauncherevent6552 D:\CPE223_2\BGame\project_1\project_1.xpr
# Log file: D:/CPE223_2/BGame/project_1/vivado.log
# Journal file: D:/CPE223_2/BGame/project_1\vivado.jou
#-----------------------------------------------------------
start_gui
open_project D:/CPE223_2/BGame/project_1/project_1.xpr
Scanning sources...
Finished scanning sources
INFO: [IP_Flow 19-234] Refreshing IP repositories
INFO: [IP_Flow 19-1704] No user IP repositories specified
INFO: [IP_Flow 19-2313] Loaded Vivado IP repository 'D:/Program/Vivado/2020.1/data/ip'.
open_project: Time (s): cpu = 00:00:12 ; elapsed = 00:00:11 . Memory (MB): peak = 1013.672 ; gain = 0.000
update_compile_order -fileset sources_1
exit
INFO: [Common 17-206] Exiting Vivado at Fri Nov 20 10:59:00 2020...
